[     122ms] [LOG] [Fast Refresh] rebuilding @ http://localhost:3000/_next/static/chunks/f27f0_next_dist_0e9c33c4._.js:2297
[     324ms] [LOG] [Fast Refresh] done in 313ms @ http://localhost:3000/_next/static/chunks/f27f0_next_dist_0e9c33c4._.js:2297
[     434ms] [ERROR] Error: <svg> attribute height: Expected length, "auto". @ http://localhost:3000/:0
[     439ms] [INFO] %cDownload the React DevTools for a better development experience: https://react.dev/link/react-devtools font-weight:bold @ http://localhost:3000/_next/static/chunks/f27f0_next_dist_0e9c33c4._.js:2297
[     473ms] [LOG] [HMR] connected @ http://localhost:3000/_next/static/chunks/f27f0_next_dist_0e9c33c4._.js:2297
[    1395ms] [WARNING] Image with src "/assets/web-asset.png" has either width or height modified, but not the other. If you use CSS to change the size of your image, also include the styles 'width: "auto"' or 'height: "auto"' to maintain the aspect ratio. @ http://localhost:3000/_next/static/chunks/f27f0_next_dist_0e9c33c4._.js:2297
[  806239ms] [LOG] [Fast Refresh] rebuilding @ http://localhost:3000/_next/static/chunks/f27f0_next_dist_0e9c33c4._.js:2297
[  806976ms] [LOG] [Fast Refresh] done in 154ms @ http://localhost:3000/_next/static/chunks/f27f0_next_dist_0e9c33c4._.js:2297
[  820321ms] [LOG] [Fast Refresh] rebuilding @ http://localhost:3000/_next/static/chunks/f27f0_next_dist_0e9c33c4._.js:2297
[  820439ms] [LOG] [Fast Refresh] done in 207ms @ http://localhost:3000/_next/static/chunks/f27f0_next_dist_0e9c33c4._.js:2297
[  830226ms] [LOG] [Fast Refresh] rebuilding @ http://localhost:3000/_next/static/chunks/f27f0_next_dist_0e9c33c4._.js:2297
[  830574ms] [LOG] [Fast Refresh] done in 125ms @ http://localhost:3000/_next/static/chunks/f27f0_next_dist_0e9c33c4._.js:2297
[  830685ms] [LOG] [Fast Refresh] rebuilding @ http://localhost:3000/_next/static/chunks/f27f0_next_dist_0e9c33c4._.js:2297
[  830693ms] [LOG] [Fast Refresh] done in 116ms @ http://localhost:3000/_next/static/chunks/f27f0_next_dist_0e9c33c4._.js:2297
[  842032ms] [LOG] [Fast Refresh] rebuilding @ http://localhost:3000/_next/static/chunks/f27f0_next_dist_0e9c33c4._.js:2297
[  842552ms] [LOG] [Fast Refresh] done in 96ms @ http://localhost:3000/_next/static/chunks/f27f0_next_dist_0e9c33c4._.js:2297
[  842664ms] [LOG] [Fast Refresh] rebuilding @ http://localhost:3000/_next/static/chunks/f27f0_next_dist_0e9c33c4._.js:2297
[  842817ms] [LOG] [Fast Refresh] done in 260ms @ http://localhost:3000/_next/static/chunks/f27f0_next_dist_0e9c33c4._.js:2297
[  843128ms] [ERROR] Error: <svg> attribute height: Expected length, "auto". @ http://localhost:3000/_next/static/chunks/f27f0_next_dist_compiled_react-dom_301ebe99._.js:1392
[  849707ms] [LOG] [Fast Refresh] rebuilding @ http://localhost:3000/_next/static/chunks/f27f0_next_dist_0e9c33c4._.js:2297
[  849964ms] [LOG] [Fast Refresh] done in 50ms @ http://localhost:3000/_next/static/chunks/f27f0_next_dist_0e9c33c4._.js:2297
[  850071ms] [LOG] [Fast Refresh] rebuilding @ http://localhost:3000/_next/static/chunks/f27f0_next_dist_0e9c33c4._.js:2297
[  850247ms] [LOG] [Fast Refresh] done in 280ms @ http://localhost:3000/_next/static/chunks/f27f0_next_dist_0e9c33c4._.js:2297
[  850515ms] [LOG] [Fast Refresh] rebuilding @ http://localhost:3000/_next/static/chunks/f27f0_next_dist_0e9c33c4._.js:2297
[  850519ms] [LOG] [Fast Refresh] done in 110ms @ http://localhost:3000/_next/static/chunks/f27f0_next_dist_0e9c33c4._.js:2297
[  858544ms] [LOG] [Fast Refresh] rebuilding @ http://localhost:3000/_next/static/chunks/f27f0_next_dist_0e9c33c4._.js:2297
[  858814ms] [LOG] [Fast Refresh] done in 47ms @ http://localhost:3000/_next/static/chunks/f27f0_next_dist_0e9c33c4._.js:2297
[  858924ms] [LOG] [Fast Refresh] rebuilding @ http://localhost:3000/_next/static/chunks/f27f0_next_dist_0e9c33c4._.js:2297
[  858958ms] [LOG] [Fast Refresh] done in 143ms @ http://localhost:3000/_next/static/chunks/f27f0_next_dist_0e9c33c4._.js:2297
[  864567ms] [LOG] [Fast Refresh] rebuilding @ http://localhost:3000/_next/static/chunks/f27f0_next_dist_0e9c33c4._.js:2297
[  865001ms] [LOG] [Fast Refresh] done in 55ms @ http://localhost:3000/_next/static/chunks/f27f0_next_dist_0e9c33c4._.js:2297
[  881337ms] [LOG] [Fast Refresh] rebuilding @ http://localhost:3000/_next/static/chunks/f27f0_next_dist_0e9c33c4._.js:2297
[  881807ms] [LOG] [Fast Refresh] done in 102ms @ http://localhost:3000/_next/static/chunks/f27f0_next_dist_0e9c33c4._.js:2297
[  897738ms] [LOG] [Fast Refresh] rebuilding @ http://localhost:3000/_next/static/chunks/f27f0_next_dist_0e9c33c4._.js:2297
[  898047ms] [LOG] [Fast Refresh] done in 54ms @ http://localhost:3000/_next/static/chunks/f27f0_next_dist_0e9c33c4._.js:2297
[  898154ms] [LOG] [Fast Refresh] rebuilding @ http://localhost:3000/_next/static/chunks/f27f0_next_dist_0e9c33c4._.js:2297
[  898161ms] [LOG] [Fast Refresh] done in 113ms @ http://localhost:3000/_next/static/chunks/f27f0_next_dist_0e9c33c4._.js:2297
[  916679ms] [LOG] [Fast Refresh] rebuilding @ http://localhost:3000/_next/static/chunks/f27f0_next_dist_0e9c33c4._.js:2297
[  917138ms] [LOG] [Fast Refresh] done in 42ms @ http://localhost:3000/_next/static/chunks/f27f0_next_dist_0e9c33c4._.js:2297
