[     122ms] [LOG] [Fast Refresh] rebuilding @ http://localhost:3000/_next/static/chunks/f27f0_next_dist_0e9c33c4._.js:2297
[   19201ms] [LOG] [Fast Refresh] done in 19180ms @ http://localhost:3000/_next/static/chunks/f27f0_next_dist_0e9c33c4._.js:2297
[   19499ms] [INFO] %cDownload the React DevTools for a better development experience: https://react.dev/link/react-devtools font-weight:bold @ http://localhost:3000/_next/static/chunks/f27f0_next_dist_0e9c33c4._.js:2297
[   19589ms] [LOG] [HMR] connected @ http://localhost:3000/_next/static/chunks/f27f0_next_dist_0e9c33c4._.js:2297
[   20344ms] [WARNING] Image with src "/assets/web-asset.png" has either width or height modified, but not the other. If you use CSS to change the size of your image, also include the styles 'width: "auto"' or 'height: "auto"' to maintain the aspect ratio. @ http://localhost:3000/_next/static/chunks/f27f0_next_dist_0e9c33c4._.js:2297
[  178324ms] [LOG] [Fast Refresh] rebuilding @ http://localhost:3000/_next/static/chunks/f27f0_next_dist_0e9c33c4._.js:2297
[  178393ms] [LOG] [Fast Refresh] done in 173ms @ http://localhost:3000/_next/static/chunks/f27f0_next_dist_0e9c33c4._.js:2297
[  212710ms] [LOG] [Fast Refresh] rebuilding @ http://localhost:3000/_next/static/chunks/f27f0_next_dist_0e9c33c4._.js:2297
[  212731ms] [LOG] [Fast Refresh] done in 124ms @ http://localhost:3000/_next/static/chunks/f27f0_next_dist_0e9c33c4._.js:2297
[ 1207523ms] [LOG] [Fast Refresh] rebuilding @ http://localhost:3000/_next/static/chunks/f27f0_next_dist_0e9c33c4._.js:2297
[ 1207543ms] [ERROR] The final argument passed to %s changed size between renders. The order and size of this array must remain constant.

Previous: %s
Incoming: %s useEffect [] [0] @ http://localhost:3000/_next/static/chunks/f27f0_next_dist_0e9c33c4._.js:3127
[ 1207544ms] [ERROR] The final argument passed to %s changed size between renders. The order and size of this array must remain constant.

Previous: %s
Incoming: %s useEffect [] [0] @ http://localhost:3000/_next/static/chunks/f27f0_next_dist_0e9c33c4._.js:3127
[ 1207545ms] [ERROR] The final argument passed to %s changed size between renders. The order and size of this array must remain constant.

Previous: %s
Incoming: %s useEffect [] [0] @ http://localhost:3000/_next/static/chunks/f27f0_next_dist_0e9c33c4._.js:3127
[ 1207546ms] [ERROR] The final argument passed to %s changed size between renders. The order and size of this array must remain constant.

Previous: %s
Incoming: %s useEffect [] [0] @ http://localhost:3000/_next/static/chunks/f27f0_next_dist_0e9c33c4._.js:3127
[ 1207546ms] [ERROR] The final argument passed to %s changed size between renders. The order and size of this array must remain constant.

Previous: %s
Incoming: %s useEffect [] [0] @ http://localhost:3000/_next/static/chunks/f27f0_next_dist_0e9c33c4._.js:3127
[ 1207547ms] [ERROR] The final argument passed to %s changed size between renders. The order and size of this array must remain constant.

Previous: %s
Incoming: %s useEffect [] [0] @ http://localhost:3000/_next/static/chunks/f27f0_next_dist_0e9c33c4._.js:3127
[ 1207547ms] [ERROR] The final argument passed to %s changed size between renders. The order and size of this array must remain constant.

Previous: %s
Incoming: %s useEffect [] [0] @ http://localhost:3000/_next/static/chunks/f27f0_next_dist_0e9c33c4._.js:3127
[ 1207548ms] [ERROR] The final argument passed to %s changed size between renders. The order and size of this array must remain constant.

Previous: %s
Incoming: %s useEffect [] [0] @ http://localhost:3000/_next/static/chunks/f27f0_next_dist_0e9c33c4._.js:3127
[ 1207548ms] [ERROR] The final argument passed to %s changed size between renders. The order and size of this array must remain constant.

Previous: %s
Incoming: %s useEffect [] [0] @ http://localhost:3000/_next/static/chunks/f27f0_next_dist_0e9c33c4._.js:3127
[ 1207549ms] [ERROR] The final argument passed to %s changed size between renders. The order and size of this array must remain constant.

Previous: %s
Incoming: %s useEffect [] [0] @ http://localhost:3000/_next/static/chunks/f27f0_next_dist_0e9c33c4._.js:3127
[ 1207549ms] [ERROR] The final argument passed to %s changed size between renders. The order and size of this array must remain constant.

Previous: %s
Incoming: %s useEffect [] [0] @ http://localhost:3000/_next/static/chunks/f27f0_next_dist_0e9c33c4._.js:3127
[ 1207650ms] [LOG] [Fast Refresh] done in 116ms @ http://localhost:3000/_next/static/chunks/f27f0_next_dist_0e9c33c4._.js:2297
[ 1207769ms] [LOG] [Fast Refresh] rebuilding @ http://localhost:3000/_next/static/chunks/f27f0_next_dist_0e9c33c4._.js:2297
[ 1208121ms] [LOG] [Fast Refresh] done in 453ms @ http://localhost:3000/_next/static/chunks/f27f0_next_dist_0e9c33c4._.js:2297
[ 1219698ms] [LOG] [Fast Refresh] rebuilding @ http://localhost:3000/_next/static/chunks/f27f0_next_dist_0e9c33c4._.js:2297
[ 1220252ms] [LOG] [Fast Refresh] done in 71ms @ http://localhost:3000/_next/static/chunks/f27f0_next_dist_0e9c33c4._.js:2297
[ 1220376ms] [LOG] [Fast Refresh] rebuilding @ http://localhost:3000/_next/static/chunks/f27f0_next_dist_0e9c33c4._.js:2297
[ 1220460ms] [LOG] [Fast Refresh] done in 189ms @ http://localhost:3000/_next/static/chunks/f27f0_next_dist_0e9c33c4._.js:2297
[ 1228629ms] [LOG] [Fast Refresh] rebuilding @ http://localhost:3000/_next/static/chunks/f27f0_next_dist_0e9c33c4._.js:2297
[ 1229253ms] [LOG] [Fast Refresh] done in 63ms @ http://localhost:3000/_next/static/chunks/f27f0_next_dist_0e9c33c4._.js:2297
[ 1240483ms] [LOG] [Fast Refresh] rebuilding @ http://localhost:3000/_next/static/chunks/f27f0_next_dist_0e9c33c4._.js:2297
[ 1241078ms] [LOG] [Fast Refresh] done in 86ms @ http://localhost:3000/_next/static/chunks/f27f0_next_dist_0e9c33c4._.js:2297
[ 1249099ms] [LOG] [Fast Refresh] rebuilding @ http://localhost:3000/_next/static/chunks/f27f0_next_dist_0e9c33c4._.js:2297
[ 1249158ms] [LOG] [Fast Refresh] done in 161ms @ http://localhost:3000/_next/static/chunks/f27f0_next_dist_0e9c33c4._.js:2297
[ 1249264ms] [LOG] [Fast Refresh] rebuilding @ http://localhost:3000/_next/static/chunks/f27f0_next_dist_0e9c33c4._.js:2297
[ 1250658ms] [LOG] [Fast Refresh] done in 117ms @ http://localhost:3000/_next/static/chunks/f27f0_next_dist_0e9c33c4._.js:2297
[ 1250767ms] [LOG] [Fast Refresh] rebuilding @ http://localhost:3000/_next/static/chunks/f27f0_next_dist_0e9c33c4._.js:2297
[ 1250934ms] [LOG] [Fast Refresh] done in 267ms @ http://localhost:3000/_next/static/chunks/f27f0_next_dist_0e9c33c4._.js:2297
[ 1251039ms] [LOG] [Fast Refresh] rebuilding @ http://localhost:3000/_next/static/chunks/f27f0_next_dist_0e9c33c4._.js:2297
[ 1251303ms] [LOG] [Fast Refresh] done in 366ms @ http://localhost:3000/_next/static/chunks/f27f0_next_dist_0e9c33c4._.js:2297
[ 1265117ms] [LOG] [Fast Refresh] rebuilding @ http://localhost:3000/_next/static/chunks/f27f0_next_dist_0e9c33c4._.js:2297
[ 1265145ms] [LOG] [Fast Refresh] done in 128ms @ http://localhost:3000/_next/static/chunks/f27f0_next_dist_0e9c33c4._.js:2297
[ 1265246ms] [LOG] [Fast Refresh] rebuilding @ http://localhost:3000/_next/static/chunks/f27f0_next_dist_0e9c33c4._.js:2297
[ 1267290ms] [LOG] [Fast Refresh] done in 2124ms @ http://localhost:3000/_next/static/chunks/f27f0_next_dist_0e9c33c4._.js:2297
[ 1267397ms] [LOG] [Fast Refresh] rebuilding @ http://localhost:3000/_next/static/chunks/f27f0_next_dist_0e9c33c4._.js:2297
[ 1292530ms] [LOG] [Fast Refresh] done in 25240ms @ http://localhost:3000/_next/static/chunks/f27f0_next_dist_0e9c33c4._.js:2297
[ 1292641ms] [LOG] [Fast Refresh] rebuilding @ http://localhost:3000/_next/static/chunks/f27f0_next_dist_0e9c33c4._.js:2297
[ 1292946ms] [LOG] [Fast Refresh] done in 126ms @ http://localhost:3000/_next/static/chunks/f27f0_next_dist_0e9c33c4._.js:2297
[ 1294843ms] [INFO] %cDownload the React DevTools for a better development experience: https://react.dev/link/react-devtools font-weight:bold @ http://localhost:3000/_next/static/chunks/f27f0_next_dist_0e9c33c4._.js:2297
[ 1294946ms] [LOG] [HMR] connected @ http://localhost:3000/_next/static/chunks/f27f0_next_dist_0e9c33c4._.js:2297
[ 1295840ms] [WARNING] Image with src "/assets/web-asset.png" has either width or height modified, but not the other. If you use CSS to change the size of your image, also include the styles 'width: "auto"' or 'height: "auto"' to maintain the aspect ratio. @ http://localhost:3000/_next/static/chunks/f27f0_next_dist_0e9c33c4._.js:2297
[ 1302779ms] [LOG] [Fast Refresh] rebuilding @ http://localhost:3000/_next/static/chunks/f27f0_next_dist_0e9c33c4._.js:2297
[ 1302824ms] [LOG] [Fast Refresh] done in 153ms @ http://localhost:3000/_next/static/chunks/f27f0_next_dist_0e9c33c4._.js:2297
[ 1302936ms] [LOG] [Fast Refresh] rebuilding @ http://localhost:3000/_next/static/chunks/f27f0_next_dist_0e9c33c4._.js:2297
[ 1303083ms] ReferenceError: NavHoverLine is not defined
    at Header (http://localhost:3000/_next/static/chunks/_21e541c3._.js?id=%255Bproject%255D%252Fapp%252Fcomponents%252FHeader%252Findex.tsx+%255Bapp-client%255D+%2528ecmascript%2529:190:347)
    at Object.react_stack_bottom_frame (http://localhost:3000/_next/static/chunks/f27f0_next_dist_compiled_react-dom_301ebe99._.js:14826:24)
    at renderWithHooks (http://localhost:3000/_next/static/chunks/f27f0_next_dist_compiled_react-dom_301ebe99._.js:4651:24)
    at updateFunctionComponent (http://localhost:3000/_next/static/chunks/f27f0_next_dist_compiled_react-dom_301ebe99._.js:6112:21)
    at beginWork (http://localhost:3000/_next/static/chunks/f27f0_next_dist_compiled_react-dom_301ebe99._.js:6708:24)
    at runWithFiberInDEV (http://localhost:3000/_next/static/chunks/f27f0_next_dist_compiled_react-dom_301ebe99._.js:965:74)
    at performUnitOfWork (http://localhost:3000/_next/static/chunks/f27f0_next_dist_compiled_react-dom_301ebe99._.js:9562:97)
    at workLoopSync (http://localhost:3000/_next/static/chunks/f27f0_next_dist_compiled_react-dom_301ebe99._.js:9456:40)
    at renderRootSync (http://localhost:3000/_next/static/chunks/f27f0_next_dist_compiled_react-dom_301ebe99._.js:9440:13)
    at performWorkOnRoot (http://localhost:3000/_next/static/chunks/f27f0_next_dist_compiled_react-dom_301ebe99._.js:9105:47)
    at performSyncWorkOnRoot (http://localhost:3000/_next/static/chunks/f27f0_next_dist_compiled_react-dom_301ebe99._.js:10238:9)
    at flushSyncWorkAcrossRoots_impl (http://localhost:3000/_next/static/chunks/f27f0_next_dist_compiled_react-dom_301ebe99._.js:10154:316)
    at flushSyncWork$1 (http://localhost:3000/_next/static/chunks/f27f0_next_dist_compiled_react-dom_301ebe99._.js:9237:86)
    at Object.scheduleRefresh (http://localhost:3000/_next/static/chunks/f27f0_next_dist_compiled_react-dom_301ebe99._.js:299:13)
    at http://localhost:3000/_next/static/chunks/f27f0_next_dist_compiled_daaf0094._.js:391:33
    at Set.forEach (<anonymous>)
    at Object.performReactRefresh (http://localhost:3000/_next/static/chunks/f27f0_next_dist_compiled_daaf0094._.js:384:38)
    at applyUpdate (http://localhost:3000/_next/static/chunks/f27f0_next_dist_compiled_daaf0094._.js:878:31)
    at http://localhost:3000/_next/static/chunks/f27f0_next_dist_compiled_daaf0094._.js:886:13
[ 1303116ms] [WARNING] [Fast Refresh] performing full reload because your application had an unrecoverable error @ http://localhost:3000/_next/static/chunks/f27f0_next_dist_0e9c33c4._.js:2297
[ 1303770ms] [LOG] [Fast Refresh] done in 280ms @ http://localhost:3000/_next/static/chunks/f27f0_next_dist_0e9c33c4._.js:2297
[ 1303907ms] [LOG] [Fast Refresh] rebuilding @ http://localhost:3000/_next/static/chunks/f27f0_next_dist_0e9c33c4._.js:2297
[ 1304952ms] [LOG] [Fast Refresh] done in 1148ms @ http://localhost:3000/_next/static/chunks/f27f0_next_dist_0e9c33c4._.js:2297
[ 1305035ms] [ERROR] Failed to load resource: the server responded with a status of 500 (Internal Server Error) @ http://localhost:3000/:0
[ 1305180ms] [INFO] %cDownload the React DevTools for a better development experience: https://react.dev/link/react-devtools font-weight:bold @ http://localhost:3000/_next/static/chunks/f27f0_next_dist_0e9c33c4._.js:2297
[ 1305201ms] [LOG] [HMR] connected @ http://localhost:3000/_next/static/chunks/f27f0_next_dist_0e9c33c4._.js:2297
[ 1305394ms] [LOG] [Fast Refresh] rebuilding @ http://localhost:3000/_next/static/chunks/f27f0_next_dist_0e9c33c4._.js:2297
[ 1305407ms] [LOG] [Fast Refresh] done in 113ms @ http://localhost:3000/_next/static/chunks/f27f0_next_dist_0e9c33c4._.js:2297
[ 1305679ms] ReferenceError: NavHoverLine is not defined
    at Header (http://localhost:3000/_next/static/chunks/_21e541c3._.js:479:347)
    at Object.react_stack_bottom_frame (http://localhost:3000/_next/static/chunks/f27f0_next_dist_compiled_react-dom_301ebe99._.js:14826:24)
    at renderWithHooks (http://localhost:3000/_next/static/chunks/f27f0_next_dist_compiled_react-dom_301ebe99._.js:4651:24)
    at updateFunctionComponent (http://localhost:3000/_next/static/chunks/f27f0_next_dist_compiled_react-dom_301ebe99._.js:6112:21)
    at beginWork (http://localhost:3000/_next/static/chunks/f27f0_next_dist_compiled_react-dom_301ebe99._.js:6687:639)
    at runWithFiberInDEV (http://localhost:3000/_next/static/chunks/f27f0_next_dist_compiled_react-dom_301ebe99._.js:965:74)
    at performUnitOfWork (http://localhost:3000/_next/static/chunks/f27f0_next_dist_compiled_react-dom_301ebe99._.js:9562:97)
    at workLoopSync (http://localhost:3000/_next/static/chunks/f27f0_next_dist_compiled_react-dom_301ebe99._.js:9456:40)
    at renderRootSync (http://localhost:3000/_next/static/chunks/f27f0_next_dist_compiled_react-dom_301ebe99._.js:9440:13)
    at performWorkOnRoot (http://localhost:3000/_next/static/chunks/f27f0_next_dist_compiled_react-dom_301ebe99._.js:9105:47)
    at performWorkOnRootViaSchedulerTask (http://localhost:3000/_next/static/chunks/f27f0_next_dist_compiled_react-dom_301ebe99._.js:10230:9)
    at MessagePort.performWorkUntilDeadline (http://localhost:3000/_next/static/chunks/f27f0_next_dist_compiled_daaf0094._.js:2647:64)
[ 1308712ms] [WARNING] The resource http://localhost:3000/_next/static/chunks/%5Broot-of-the-server%5D__a9c11b28._.css was preloaded using link preload but not used within a few seconds from the window's load event. Please make sure it has an appropriate `as` value and it is preloaded intentionally. @ http://localhost:3000/:0
[ 1312185ms] [LOG] [Fast Refresh] rebuilding @ http://localhost:3000/_next/static/chunks/f27f0_next_dist_0e9c33c4._.js:2297
[ 1312243ms] [WARNING] [Fast Refresh] performing full reload because your application had an unrecoverable error @ http://localhost:3000/_next/static/chunks/f27f0_next_dist_0e9c33c4._.js:2297
[ 1312254ms] Error: No link element found for chunk /_next/static/chunks/%5Broot-of-the-server%5D__a9c11b28._.css
    at http://localhost:3000/_next/static/chunks/turbopack-_191284fc._.js:1801:28
    at new Promise (<anonymous>)
    at Object.reloadChunk (http://localhost:3000/_next/static/chunks/turbopack-_191284fc._.js:1793:20)
    at applyChunkListUpdate (http://localhost:3000/_next/static/chunks/turbopack-_191284fc._.js:1174:46)
    at applyUpdate (http://localhost:3000/_next/static/chunks/turbopack-_191284fc._.js:1148:13)
    at handleApply (http://localhost:3000/_next/static/chunks/turbopack-_191284fc._.js:1368:17)
    at triggerUpdate (http://localhost:3000/_next/static/chunks/%5Bturbopack%5D_browser_dev_hmr-client_hmr-client_ts_c8c997ce._.js:452:9)
    at applyAggregatedUpdates (http://localhost:3000/_next/static/chunks/%5Bturbopack%5D_browser_dev_hmr-client_hmr-client_ts_c8c997ce._.js:98:9)
    at http://localhost:3000/_next/static/chunks/%5Bturbopack%5D_browser_dev_hmr-client_hmr-client_ts_c8c997ce._.js:32:21
    at processTurbopackMessage (http://localhost:3000/_next/static/chunks/f27f0_next_dist_client_76db91da._.js:10950:13)
    at processMessage (http://localhost:3000/_next/static/chunks/f27f0_next_dist_client_76db91da._.js:11591:17)
    at WebSocket.handleMessage (http://localhost:3000/_next/static/chunks/f27f0_next_dist_client_76db91da._.js:10914:52)
[ 1312253ms] [LOG] [Fast Refresh] done in 157ms @ http://localhost:3000/_next/static/chunks/f27f0_next_dist_0e9c33c4._.js:2297
[ 1312359ms] [LOG] [Fast Refresh] rebuilding @ http://localhost:3000/_next/static/chunks/f27f0_next_dist_0e9c33c4._.js:2297
[ 1312915ms] [LOG] [Fast Refresh] done in 658ms @ http://localhost:3000/_next/static/chunks/f27f0_next_dist_0e9c33c4._.js:2297
[ 1313862ms] [INFO] %cDownload the React DevTools for a better development experience: https://react.dev/link/react-devtools font-weight:bold @ http://localhost:3000/_next/static/chunks/f27f0_next_dist_0e9c33c4._.js:2297
[ 1313932ms] [LOG] [HMR] connected @ http://localhost:3000/_next/static/chunks/f27f0_next_dist_0e9c33c4._.js:2297
[ 1314395ms] [WARNING] Image with src "/assets/web-asset.png" has either width or height modified, but not the other. If you use CSS to change the size of your image, also include the styles 'width: "auto"' or 'height: "auto"' to maintain the aspect ratio. @ http://localhost:3000/_next/static/chunks/f27f0_next_dist_0e9c33c4._.js:2297
